# JRE version: OpenJDK Runtime Environment (17.0+35) (build 17+35)
# Java VM: OpenJDK 64-Bit Server VM (17+35, mixed mode, tiered, compressed oops, compressed class ptrs, g1 gc, linux-amd64)
Heap:
 garbage-first heap   total 524288K, used 337290K [0x00000000e0000000, 0x0000000100000000)
  region size 1024K, 122 young (124928K), 1 survivors (1024K)
 Metaspace       used 67351K, committed 67776K, reserved 1114112K
  class space    used 7370K, committed 7552K, reserved 1048576K
GC Heap History (20 events):
Event: 2036.239 GC heap before
{Heap before GC invocations=1030 (full 0):
 garbage-first heap   total 524288K, used 466761K [0x00000000e0000000, 0x0000000100000000)
  region size 1024K, 246 young (251904K), 3 survivors (3072K)
 Metaspace       used 67315K, committed 67712K, reserved 1114112K
  class space    used 7363K, committed 7552K, reserved 1048576K
}
Event: 2036.705 GC heap after
{Heap after GC invocations=1031 (full 0):
 garbage-first heap   total 524288K, used 218407K [0x00000000e0000000, 0x0000000100000000)
  region size 1024K, 3 young (3072K), 3 survivors (3072K)
 Metaspace       used 67315K, committed 67712K, reserved 1114112K
  class space    used 7363K, committed 7552K, reserved 1048576K
}
Event: 2057.570 GC heap before
{Heap before GC invocations=1031 (full 0):
 garbage-first heap   total 524288K, used 467239K [0x00000000e0000000, 0x0000000100000000)
  region size 1024K, 246 young (251904K), 3 survivors (3072K)
 Metaspace       used 67315K, committed 67712K, reserved 1114112K
  class space    used 7363K, committed 7552K, reserved 1048576K
}
Event: 2058.047 GC heap after
{Heap after GC invocations=1032 (full 0):
 garbage-first heap   total 524288K, used 218797K [0x00000000e0000000, 0x0000000100000000)
  region size 1024K, 3 young (3072K), 3 survivors (3072K)
 Metaspace       used 67315K, committed 67712K, reserved 1114112K
  class space    used 7363K, committed 7552K, reserved 1048576K
}
Event: 2076.011 GC heap before
{Heap before GC invocations=1032 (full 0):
 garbage-first heap   total 524288K, used 467629K [0x00000000e0000000, 0x0000000100000000)
  region size 1024K, 246 young (251904K), 3 survivors (3072K)
 Metaspace       used 67315K, committed 67712K, reserved 1114112K
  class space    used 7363K, committed 7552K, reserved 1048576K
}
Event: 2076.517 GC heap after
{Heap after GC invocations=1033 (full 0):
 garbage-first heap   total 524288K, used 219175K [0x00000000e0000000, 0x0000000100000000)
  region size 1024K, 4 young (4096K), 4 survivors (4096K)
 Metaspace       used 67315K, committed 67712K, reserved 1114112K
  class space    used 7363K, committed 7552K, reserved 1048576K
}
Event: 2098.212 GC heap before
{Heap before GC invocations=1034 (full 0):
 garbage-first heap   total 524288K, used 465959K [0x00000000e0000000, 0x0000000100000000)
  region size 1024K, 245 young (250880K), 4 survivors (4096K)
 Metaspace       used 67315K, committed 67712K, reserved 1114112K
  class space    used 7363K, committed 7552K, reserved 1048576K
}
Event: 2098.731 GC heap after
{Heap after GC invocations=1035 (full 0):
 garbage-first heap   total 524288K, used 219748K [0x00000000e0000000, 0x0000000100000000)
  region size 1024K, 4 young (4096K), 4 survivors (4096K)
 Metaspace       used 67315K, committed 67712K, reserved 1114112K
  class space    used 7363K, committed 7552K, reserved 1048576K
}
Event: 2098.838 GC heap before
{Heap before GC invocations=1035 (full 0):
 garbage-first heap   total 524288K, used 241252K [0x00000000e0000000, 0x0000000100000000)
  region size 1024K, 25 young (25600K), 4 survivors (4096K)
 Metaspace       used 67315K, committed 67712K, reserved 1114112K
  class space    used 7363K, committed 7552K, reserved 1048576K
}
Event: 2099.363 GC heap after
{Heap after GC invocations=1036 (full 0):
 garbage-first heap   total 524288K, used 217517K [0x00000000e0000000, 0x0000000100000000)
  region size 1024K, 2 young (2048K), 2 survivors (2048K)
 Metaspace       used 67315K, committed 67712K, reserved 1114112K
  class space    used 7363K, committed 7552K, reserved 1048576K
}
Event: 2122.447 GC heap before
{Heap before GC invocations=1036 (full 0):
 garbage-first heap   total 524288K, used 468397K [0x00000000e0000000, 0x0000000100000000)
  region size 1024K, 247 young (252928K), 2 survivors (2048K)
 Metaspace       used 67315K, committed 67712K, reserved 1114112K
  class space    used 7363K, committed 7552K, reserved 1048576K
}
Event: 2123.199 GC heap after
{Heap after GC invocations=1037 (full 0):
 garbage-first heap   total 524288K, used 218453K [0x00000000e0000000, 0x0000000100000000)
  region size 1024K, 3 young (3072K), 3 survivors (3072K)
 Metaspace       used 67315K, committed 67712K, reserved 1114112K
  class space    used 7363K, committed 7552K, reserved 1048576K
}
Event: 2134.409 GC heap before
{Heap before GC invocations=1037 (full 0):
 garbage-first heap   total 524288K, used 467285K [0x00000000e0000000, 0x0000000100000000)
  region size 1024K, 246 young (251904K), 3 survivors (3072K)
 Metaspace       used 67315K, committed 67712K, reserved 1114112K
  class space    used 7363K, committed 7552K, reserved 1048576K
}
Event: 2134.852 GC heap after
{Heap after GC invocations=1038 (full 0):
 garbage-first heap   total 524288K, used 216379K [0x00000000e0000000, 0x0000000100000000)
  region size 1024K, 1 young (1024K), 1 survivors (1024K)
 Metaspace       used 67315K, committed 67712K, reserved 1114112K
  class space    used 7363K, committed 7552K, reserved 1048576K
}
Event: 2148.398 GC heap before
{Heap before GC invocations=1038 (full 0):
 garbage-first heap   total 524288K, used 468283K [0x00000000e0000000, 0x0000000100000000)
  region size 1024K, 247 young (252928K), 1 survivors (1024K)
 Metaspace       used 67315K, committed 67712K, reserved 1114112K
  class space    used 7363K, committed 7552K, reserved 1048576K
}
Event: 2148.649 GC heap after
{Heap after GC invocations=1039 (full 0):
 garbage-first heap   total 524288K, used 216493K [0x00000000e0000000, 0x0000000100000000)
  region size 1024K, 1 young (1024K), 1 survivors (1024K)
 Metaspace       used 67315K, committed 67712K, reserved 1114112K
  class space    used 7363K, committed 7552K, reserved 1048576K
}
Event: 2157.529 GC heap before
{Heap before GC invocations=1040 (full 0):
 garbage-first heap   total 524288K, used 468397K [0x00000000e0000000, 0x0000000100000000)
  region size 1024K, 247 young (252928K), 1 survivors (1024K)
 Metaspace       used 67315K, committed 67712K, reserved 1114112K
  class space    used 7363K, committed 7552K, reserved 1048576K
}
Event: 2157.751 GC heap after
{Heap after GC invocations=1041 (full 0):
 garbage-first heap   total 524288K, used 216306K [0x00000000e0000000, 0x0000000100000000)
  region size 1024K, 1 young (1024K), 1 survivors (1024K)
 Metaspace       used 67315K, committed 67712K, reserved 1114112K
  class space    used 7363K, committed 7552K, reserved 1048576K
}
Event: 2157.874 GC heap before
{Heap before GC invocations=1041 (full 0):
 garbage-first heap   total 524288K, used 240882K [0x00000000e0000000, 0x0000000100000000)
  region size 1024K, 25 young (25600K), 1 survivors (1024K)
 Metaspace       used 67315K, committed 67712K, reserved 1114112K
  class space    used 7363K, committed 7552K, reserved 1048576K
}
Event: 2158.014 GC heap after
{Heap after GC invocations=1042 (full 0):
 garbage-first heap   total 524288K, used 213650K [0x00000000e0000000, 0x0000000100000000)
  region size 1024K, 1 young (1024K), 1 survivors (1024K)
 Metaspace       used 67315K, committed 67712K, reserved 1114112K
  class space    used 7363K, committed 7552K, reserved 1048576K
}

